e:\取证\searchdeletefile\searchdeletefile\release\searchdeletefile.pch
e:\取证\searchdeletefile\searchdeletefile\release\stdafx.obj
e:\取证\searchdeletefile\searchdeletefile\release\vc100.pdb
e:\取证\searchdeletefile\searchdeletefile\release\searchdeletefile.obj
e:\取证\searchdeletefile\searchdeletefile\release\filerecovery.obj
e:\取证\searchdeletefile\searchdeletefile\release\deletedfile.obj
e:\取证\searchdeletefile\searchdeletefile\release\urlconver.obj
e:\取证\searchdeletefile\searchdeletefile\release\base64.obj
e:\取证\searchdeletefile\searchdeletefile\release\funcs.obj
e:\取证\searchdeletefile\searchdeletefile\release\exception.obj
e:\取证\searchdeletefile\searchdeletefile\release\dllmain.obj
e:\取证\searchdeletefile\release\searchdeletefile.dll
e:\取证\searchdeletefile\searchdeletefile\release\searchdeletefile.dll.intermediate.manifest
e:\取证\searchdeletefile\release\searchdeletefile.pdb
e:\取证\searchdeletefile\release\searchdeletefile.lib
e:\取证\searchdeletefile\release\searchdeletefile.exp
c:\users\vanli\desktop\searchdeletefile\searchdeletefile\release\base64.obj
c:\users\vanli\desktop\searchdeletefile\searchdeletefile\release\deletedfile.obj
c:\users\vanli\desktop\searchdeletefile\searchdeletefile\release\dllmain.obj
c:\users\vanli\desktop\searchdeletefile\searchdeletefile\release\exception.obj
c:\users\vanli\desktop\searchdeletefile\searchdeletefile\release\filerecovery.obj
c:\users\vanli\desktop\searchdeletefile\searchdeletefile\release\funcs.obj
c:\users\vanli\desktop\searchdeletefile\searchdeletefile\release\searchdeletefile.obj
c:\users\vanli\desktop\searchdeletefile\searchdeletefile\release\stdafx.obj
c:\users\vanli\desktop\searchdeletefile\searchdeletefile\release\urlconver.obj
c:\users\vanli\desktop\searchdeletefile\searchdeletefile\release\cl.command.1.tlog
c:\users\vanli\desktop\searchdeletefile\searchdeletefile\release\cl.read.1.tlog
c:\users\vanli\desktop\searchdeletefile\searchdeletefile\release\cl.write.1.tlog
c:\users\vanli\desktop\searchdeletefile\searchdeletefile\release\link.command.1.tlog
c:\users\vanli\desktop\searchdeletefile\searchdeletefile\release\link.read.1.tlog
c:\users\vanli\desktop\searchdeletefile\searchdeletefile\release\link.write.1.tlog
c:\users\vanli\desktop\searchdeletefile\searchdeletefile\release\mt.command.1.tlog
c:\users\vanli\desktop\searchdeletefile\searchdeletefile\release\mt.read.1.tlog
c:\users\vanli\desktop\searchdeletefile\searchdeletefile\release\mt.write.1.tlog
c:\users\vanli\desktop\searchdeletefile\searchdeletefile\release\searchdeletefile.write.1.tlog
c:\users\vanli\desktop\searchdeletefile\searchdeletefile\release\searchdeletefile.dll.intermediate.manifest
c:\users\vanli\desktop\searchdeletefile\searchdeletefile\release\searchdeletefile.pch
c:\users\vanli\desktop\searchdeletefile\searchdeletefile\release\vc100.pdb
c:\users\vanli\desktop\searchdeletefile\release\searchdeletefile.pdb
c:\users\vanli\desktop\searchdeletefile\release\searchdeletefile.dll
