[2017-12-06 09:57:35] : [信息] 分区数量7
[2017-12-06 09:57:35] : [信息] 分区类型是GPT
[2017-12-06 09:57:35] : [信息] GetHostNtfsStartAddr GetFileSize 磁盘总大小是4294967295
[2017-12-06 09:57:35] : [信息] 读取到GPT磁盘的保护MBR区域
[2017-12-06 09:57:35] : [信息] 这是GPT头部
[2017-12-06 09:57:35] : [信息] GPT列表结束
[2017-12-06 09:57:35] : [信息] 一共读取了GPT分区3个
[2017-12-06 09:57:35] : [信息] DataRecovery:获取分区号是6!
[2017-12-06 09:57:35] : [信息] 寻找到不是文件记录头的数据了,此数据是:20971840
[2017-12-06 09:57:35] : [信息] 已寻找文件记录个数ReferNum是13568
[2017-12-06 09:59:08] : [信息] 分区数量7
[2017-12-06 09:59:08] : [信息] 分区类型是GPT
[2017-12-06 09:59:08] : [信息] GetHostNtfsStartAddr GetFileSize 磁盘总大小是4294967295
[2017-12-06 09:59:08] : [信息] 读取到GPT磁盘的保护MBR区域
[2017-12-06 09:59:08] : [信息] 这是GPT头部
[2017-12-06 09:59:08] : [信息] GPT列表结束
[2017-12-06 09:59:08] : [信息] 一共读取了GPT分区3个
[2017-12-06 09:59:12] : [信息] DataRecovery:获取分区号是6!
[2017-12-06 09:59:31] : [信息] 寻找到不是文件记录头的数据了,此数据是:20971840
[2017-12-06 09:59:31] : [信息] 已寻找文件记录个数ReferNum是13568
