e:\取证\searchdeletefile\searchdeletefile\debug\searchdeletefile.pch
e:\取证\searchdeletefile\searchdeletefile\debug\stdafx.obj
e:\取证\searchdeletefile\searchdeletefile\debug\vc100.pdb
e:\取证\searchdeletefile\searchdeletefile\debug\exception.obj
e:\取证\searchdeletefile\searchdeletefile\debug\funcs.obj
e:\取证\searchdeletefile\searchdeletefile\debug\base64.obj
e:\取证\searchdeletefile\searchdeletefile\debug\urlconver.obj
e:\取证\searchdeletefile\searchdeletefile\debug\deletedfile.obj
e:\取证\searchdeletefile\searchdeletefile\debug\filerecovery.obj
e:\取证\searchdeletefile\searchdeletefile\debug\searchdeletefile.obj
e:\取证\searchdeletefile\searchdeletefile\debug\dllmain.obj
e:\取证\searchdeletefile\debug\searchdeletefile.ilk
e:\取证\searchdeletefile\debug\searchdeletefile.dll
e:\取证\searchdeletefile\searchdeletefile\debug\searchdeletefile.dll.intermediate.manifest
e:\取证\searchdeletefile\debug\searchdeletefile.pdb
e:\取证\searchdeletefile\searchdeletefile\debug\searchdeletefile.dll.embed.manifest
e:\取证\searchdeletefile\searchdeletefile\debug\searchdeletefile.dll.embed.manifest.res
e:\取证\searchdeletefile\debug\searchdeletefile.lib
e:\取证\searchdeletefile\debug\searchdeletefile.exp
c:\users\vanli\desktop\searchdeletefile\searchdeletefile\debug\searchdeletefile.pch
c:\users\vanli\desktop\searchdeletefile\searchdeletefile\debug\vc140.pdb
c:\users\vanli\desktop\searchdeletefile\searchdeletefile\debug\vc140.idb
c:\users\vanli\desktop\searchdeletefile\searchdeletefile\debug\stdafx.obj
c:\users\vanli\desktop\searchdeletefile\searchdeletefile\debug\exception.obj
c:\users\vanli\desktop\searchdeletefile\searchdeletefile\debug\funcs.obj
c:\users\vanli\desktop\searchdeletefile\searchdeletefile\debug\base64.obj
c:\users\vanli\desktop\searchdeletefile\searchdeletefile\debug\urlconver.obj
c:\users\vanli\desktop\searchdeletefile\searchdeletefile\debug\deletedfile.obj
c:\users\vanli\desktop\searchdeletefile\searchdeletefile\debug\filerecovery.obj
c:\users\vanli\desktop\searchdeletefile\searchdeletefile\debug\searchdeletefile.obj
c:\users\vanli\desktop\searchdeletefile\searchdeletefile\debug\dllmain.obj
c:\users\vanli\desktop\searchdeletefile\searchdeletefile\debug\cl.command.1.tlog
c:\users\vanli\desktop\searchdeletefile\searchdeletefile\debug\cl.read.1.tlog
c:\users\vanli\desktop\searchdeletefile\searchdeletefile\debug\cl.write.1.tlog
c:\users\vanli\desktop\searchdeletefile\searchdeletefile\debug\link-cvtres.read.1.tlog
c:\users\vanli\desktop\searchdeletefile\searchdeletefile\debug\link-cvtres.write.1.tlog
c:\users\vanli\desktop\searchdeletefile\searchdeletefile\debug\link.10900-cvtres.read.1.tlog
c:\users\vanli\desktop\searchdeletefile\searchdeletefile\debug\link.10900-cvtres.write.1.tlog
c:\users\vanli\desktop\searchdeletefile\searchdeletefile\debug\link.10900.read.1.tlog
c:\users\vanli\desktop\searchdeletefile\searchdeletefile\debug\link.10900.write.1.tlog
c:\users\vanli\desktop\searchdeletefile\searchdeletefile\debug\link.command.1.tlog
c:\users\vanli\desktop\searchdeletefile\searchdeletefile\debug\link.read.1.tlog
c:\users\vanli\desktop\searchdeletefile\searchdeletefile\debug\link.write.1.tlog
c:\users\vanli\desktop\searchdeletefile\searchdeletefile\debug\mt.command.1.tlog
c:\users\vanli\desktop\searchdeletefile\searchdeletefile\debug\mt.read.1.tlog
c:\users\vanli\desktop\searchdeletefile\searchdeletefile\debug\mt.write.1.tlog
c:\users\vanli\desktop\searchdeletefile\searchdeletefile\debug\rc.command.1.tlog
c:\users\vanli\desktop\searchdeletefile\searchdeletefile\debug\rc.read.1.tlog
c:\users\vanli\desktop\searchdeletefile\searchdeletefile\debug\rc.write.1.tlog
c:\users\vanli\desktop\searchdeletefile\searchdeletefile\debug\searchdeletefile.write.1.tlog
c:\users\vanli\desktop\searchdeletefile\searchdeletefile\debug\searchdeletefile.dll.embed.manifest
c:\users\vanli\desktop\searchdeletefile\searchdeletefile\debug\searchdeletefile.dll.intermediate.manifest
c:\users\vanli\desktop\searchdeletefile\searchdeletefile\debug\searchdeletefile.dll.embed.manifest.res
c:\users\vanli\desktop\searchdeletefile\searchdeletefile\debug\vc100.idb
c:\users\vanli\desktop\searchdeletefile\searchdeletefile\debug\vc100.pdb
c:\users\vanli\desktop\searchdeletefile\searchdeletefile\debug\searchdeletefile_manifest.rc
c:\users\vanli\desktop\searchdeletefile\debug\searchdeletefile.pdb
c:\users\vanli\desktop\searchdeletefile\searchdeletefile\debug\searchdeletefile.tlog\cl.command.1.tlog
c:\users\vanli\desktop\searchdeletefile\searchdeletefile\debug\searchdeletefile.tlog\cl.read.1.tlog
c:\users\vanli\desktop\searchdeletefile\searchdeletefile\debug\searchdeletefile.tlog\cl.write.1.tlog
c:\users\vanli\desktop\searchdeletefile\searchdeletefile\debug\searchdeletefile.tlog\link-cvtres.read.1.tlog
c:\users\vanli\desktop\searchdeletefile\searchdeletefile\debug\searchdeletefile.tlog\link-cvtres.write.1.tlog
c:\users\vanli\desktop\searchdeletefile\searchdeletefile\debug\searchdeletefile.tlog\link-rc.read.1.tlog
c:\users\vanli\desktop\searchdeletefile\searchdeletefile\debug\searchdeletefile.tlog\link-rc.write.1.tlog
c:\users\vanli\desktop\searchdeletefile\searchdeletefile\debug\searchdeletefile.tlog\link.command.1.tlog
c:\users\vanli\desktop\searchdeletefile\searchdeletefile\debug\searchdeletefile.tlog\link.read.1.tlog
c:\users\vanli\desktop\searchdeletefile\searchdeletefile\debug\searchdeletefile.tlog\link.write.1.tlog
